This file contains any messages produced by compilers while
running configure, to aid debugging if configure makes a mistake.

It was created by AMOS Assembler configure 3.1.0, which was
generated by GNU Autoconf 2.68.  Invocation command line was

  $ ./configure 

## --------- ##
## Platform. ##
## --------- ##

hostname = hek
uname -m = x86_64
uname -r = 2.6.38-8-generic
uname -s = Linux
uname -v = #42-Ubuntu SMP Mon Apr 11 03:31:24 UTC 2011

/usr/bin/uname -p = unknown
/bin/uname -X     = unknown

/bin/arch              = unknown
/usr/bin/arch -k       = unknown
/usr/convex/getsysinfo = unknown
/usr/bin/hostinfo      = unknown
/bin/machine           = unknown
/usr/bin/oslevel       = unknown
/bin/universe          = unknown

PATH: /usr/local/sbin
PATH: /usr/local/bin
PATH: /usr/sbin
PATH: /usr/bin
PATH: /sbin
PATH: /bin
PATH: /usr/games
PATH: .
PATH: ~/bin
PATH: /sw/bin


## ----------- ##
## Core tests. ##
## ----------- ##

configure:2376: checking for a BSD-compatible install
configure:2444: result: /usr/bin/install -c
configure:2455: checking whether build environment is sane
configure:2505: result: yes
configure:2646: checking for a thread-safe mkdir -p
configure:2685: result: /bin/mkdir -p
configure:2698: checking for gawk
configure:2714: found /usr/bin/gawk
configure:2725: result: gawk
configure:2736: checking whether make sets $(MAKE)
configure:2758: result: yes
configure:2920: checking for g++
configure:2936: found /usr/bin/g++
configure:2947: result: g++
configure:2974: checking for C++ compiler version
configure:2983: g++ --version >&5
g++ (Ubuntu/Linaro 4.5.2-8ubuntu4) 4.5.2
Copyright (C) 2010 Free Software Foundation, Inc.
This is free software; see the source for copying conditions.  There is NO
warranty; not even for MERCHANTABILITY or FITNESS FOR A PARTICULAR PURPOSE.

configure:2994: $? = 0
configure:2983: g++ -v >&5
Using built-in specs.
COLLECT_GCC=g++
COLLECT_LTO_WRAPPER=/usr/lib/x86_64-linux-gnu/gcc/x86_64-linux-gnu/4.5.2/lto-wrapper
Target: x86_64-linux-gnu
Configured with: ../src/configure -v --with-pkgversion='Ubuntu/Linaro 4.5.2-8ubuntu4' --with-bugurl=file:///usr/share/doc/gcc-4.5/README.Bugs --enable-languages=c,c++,fortran,objc,obj-c++ --prefix=/usr --program-suffix=-4.5 --enable-shared --enable-multiarch --with-multiarch-defaults=x86_64-linux-gnu --enable-linker-build-id --with-system-zlib --libexecdir=/usr/lib/x86_64-linux-gnu --without-included-gettext --enable-threads=posix --with-gxx-include-dir=/usr/include/c++/4.5 --libdir=/usr/lib/x86_64-linux-gnu --enable-nls --with-sysroot=/ --enable-clocale=gnu --enable-libstdcxx-debug --enable-libstdcxx-time=yes --enable-plugin --enable-gold --enable-ld=default --with-plugin-ld=ld.gold --enable-objc-gc --disable-werror --with-arch-32=i686 --with-tune=generic --enable-checking=release --build=x86_64-linux-gnu --host=x86_64-linux-gnu --target=x86_64-linux-gnu
Thread model: posix
gcc version 4.5.2 (Ubuntu/Linaro 4.5.2-8ubuntu4) 
configure:2994: $? = 0
configure:2983: g++ -V >&5
g++: '-V' option must have argument
configure:2994: $? = 1
configure:2983: g++ -qversion >&5
g++: unrecognized option '-qversion'
g++: no input files
configure:2994: $? = 1
configure:3014: checking whether the C++ compiler works
configure:3036: g++    conftest.cpp  >&5
configure:3040: $? = 0
configure:3088: result: yes
configure:3091: checking for C++ compiler default output file name
configure:3093: result: a.out
configure:3099: checking for suffix of executables
configure:3106: g++ -o conftest    conftest.cpp  >&5
configure:3110: $? = 0
configure:3132: result: 
configure:3154: checking whether we are cross compiling
configure:3162: g++ -o conftest    conftest.cpp  >&5
configure:3166: $? = 0
configure:3173: ./conftest
configure:3177: $? = 0
configure:3192: result: no
configure:3197: checking for suffix of object files
configure:3219: g++ -c   conftest.cpp >&5
configure:3223: $? = 0
configure:3244: result: o
configure:3248: checking whether we are using the GNU C++ compiler
configure:3267: g++ -c   conftest.cpp >&5
configure:3267: $? = 0
configure:3276: result: yes
configure:3285: checking whether g++ accepts -g
configure:3305: g++ -c -g  conftest.cpp >&5
configure:3305: $? = 0
configure:3346: result: yes
configure:3380: checking for style of include used by make
configure:3408: result: GNU
configure:3433: checking dependency style of g++
configure:3543: result: gcc3
configure:3606: checking for gcc
configure:3622: found /usr/bin/gcc
configure:3633: result: gcc
configure:3862: checking for C compiler version
configure:3871: gcc --version >&5
gcc (Ubuntu/Linaro 4.5.2-8ubuntu4) 4.5.2
Copyright (C) 2010 Free Software Foundation, Inc.
This is free software; see the source for copying conditions.  There is NO
warranty; not even for MERCHANTABILITY or FITNESS FOR A PARTICULAR PURPOSE.

configure:3882: $? = 0
configure:3871: gcc -v >&5
Using built-in specs.
COLLECT_GCC=gcc
COLLECT_LTO_WRAPPER=/usr/lib/x86_64-linux-gnu/gcc/x86_64-linux-gnu/4.5.2/lto-wrapper
Target: x86_64-linux-gnu
Configured with: ../src/configure -v --with-pkgversion='Ubuntu/Linaro 4.5.2-8ubuntu4' --with-bugurl=file:///usr/share/doc/gcc-4.5/README.Bugs --enable-languages=c,c++,fortran,objc,obj-c++ --prefix=/usr --program-suffix=-4.5 --enable-shared --enable-multiarch --with-multiarch-defaults=x86_64-linux-gnu --enable-linker-build-id --with-system-zlib --libexecdir=/usr/lib/x86_64-linux-gnu --without-included-gettext --enable-threads=posix --with-gxx-include-dir=/usr/include/c++/4.5 --libdir=/usr/lib/x86_64-linux-gnu --enable-nls --with-sysroot=/ --enable-clocale=gnu --enable-libstdcxx-debug --enable-libstdcxx-time=yes --enable-plugin --enable-gold --enable-ld=default --with-plugin-ld=ld.gold --enable-objc-gc --disable-werror --with-arch-32=i686 --with-tune=generic --enable-checking=release --build=x86_64-linux-gnu --host=x86_64-linux-gnu --target=x86_64-linux-gnu
Thread model: posix
gcc version 4.5.2 (Ubuntu/Linaro 4.5.2-8ubuntu4) 
configure:3882: $? = 0
configure:3871: gcc -V >&5
gcc: '-V' option must have argument
configure:3882: $? = 1
configure:3871: gcc -qversion >&5
gcc: unrecognized option '-qversion'
gcc: no input files
configure:3882: $? = 1
configure:3886: checking whether we are using the GNU C compiler
configure:3905: gcc -c   conftest.c >&5
configure:3905: $? = 0
configure:3914: result: yes
configure:3923: checking whether gcc accepts -g
configure:3943: gcc -c -g  conftest.c >&5
configure:3943: $? = 0
configure:3984: result: yes
configure:4001: checking for gcc option to accept ISO C89
configure:4065: gcc  -c -g -O2  conftest.c >&5
configure:4065: $? = 0
configure:4078: result: none needed
configure:4100: checking dependency style of gcc
configure:4210: result: gcc3
configure:4229: checking for gawk
configure:4256: result: gawk
configure:4268: checking whether ln -s works
configure:4272: result: yes
configure:4322: checking for ranlib
configure:4338: found /usr/bin/ranlib
configure:4349: result: ranlib
configure:4376: checking how to run the C preprocessor
configure:4407: gcc -E  conftest.c
configure:4407: $? = 0
configure:4421: gcc -E  conftest.c
conftest.c:11:28: fatal error: ac_nonexistent.h: No such file or directory
compilation terminated.
configure:4421: $? = 1
configure: failed program was:
| /* confdefs.h */
| #define PACKAGE_NAME "AMOS Assembler"
| #define PACKAGE_TARNAME "amos"
| #define PACKAGE_VERSION "3.1.0"
| #define PACKAGE_STRING "AMOS Assembler 3.1.0"
| #define PACKAGE_BUGREPORT "amos-help@lists.sourceforge.net"
| #define PACKAGE_URL ""
| #define PACKAGE "amos"
| #define VERSION "3.1.0"
| /* end confdefs.h.  */
| #include <ac_nonexistent.h>
configure:4446: result: gcc -E
configure:4466: gcc -E  conftest.c
configure:4466: $? = 0
configure:4480: gcc -E  conftest.c
conftest.c:11:28: fatal error: ac_nonexistent.h: No such file or directory
compilation terminated.
configure:4480: $? = 1
configure: failed program was:
| /* confdefs.h */
| #define PACKAGE_NAME "AMOS Assembler"
| #define PACKAGE_TARNAME "amos"
| #define PACKAGE_VERSION "3.1.0"
| #define PACKAGE_STRING "AMOS Assembler 3.1.0"
| #define PACKAGE_BUGREPORT "amos-help@lists.sourceforge.net"
| #define PACKAGE_URL ""
| #define PACKAGE "amos"
| #define VERSION "3.1.0"
| /* end confdefs.h.  */
| #include <ac_nonexistent.h>
configure:4510: checking for perl
configure:4528: found /usr/bin/perl
configure:4541: result: /usr/bin/perl
configure:4551: checking for python
configure:4569: found /usr/bin/python
configure:4582: result: /usr/bin/python
configure:4592: checking for nucmer
configure:4623: result: /home/kuleshov/bin/MUMmer3.23-64bit-recompiled/nucmer
configure:4633: checking for delta-filter
configure:4664: result: :
configure:4674: checking for show-coords
configure:4705: result: /home/kuleshov/bin/MUMmer3.23-64bit-recompiled/show-coords
configure:4715: checking for blat
configure:4746: result: :
configure:4804: checking for perl module Statistics::Descriptive
configure:4814: result: ok
configure:4876: checking for perl module XML::Parser
configure:4886: result: ok
configure:4948: checking for perl module DBI
configure:4958: result: ok
configure:4978: checking for pow in -lm
configure:5003: gcc -o conftest -g -O2   conftest.c -lm   >&5
conftest.c:18:6: warning: conflicting types for built-in function 'pow'
configure:5003: $? = 0
configure:5012: result: yes
configure:5023: checking for fopen in -lc
configure:5048: gcc -o conftest -g -O2   conftest.c -lc  -lm  >&5
configure:5048: $? = 0
configure:5057: result: yes
configure:5068: checking for main in -lz
configure:5087: gcc -o conftest -g -O2   conftest.c -lz  -lc -lm  >&5
configure:5087: $? = 0
configure:5096: result: yes
configure:5117: checking for dirent.h that defines DIR
configure:5136: gcc -c -g -O2  conftest.c >&5
configure:5136: $? = 0
configure:5144: result: yes
configure:5157: checking for library containing opendir
configure:5188: gcc -o conftest -g -O2   conftest.c -lz -lc -lm  >&5
configure:5188: $? = 0
configure:5205: result: none required
configure:5273: checking for grep that handles long lines and -e
configure:5331: result: /bin/grep
configure:5336: checking for egrep
configure:5398: result: /bin/grep -E
configure:5403: checking for ANSI C header files
configure:5423: gcc -c -g -O2  conftest.c >&5
configure:5423: $? = 0
configure:5496: gcc -o conftest -g -O2   conftest.c -lz -lc -lm  >&5
configure:5496: $? = 0
configure:5496: ./conftest
configure:5496: $? = 0
configure:5507: result: yes
configure:5515: checking for sys/wait.h that is POSIX.1 compatible
configure:5541: gcc -c -g -O2  conftest.c >&5
configure:5541: $? = 0
configure:5548: result: yes
configure:5561: checking for sys/types.h
configure:5561: gcc -c -g -O2  conftest.c >&5
configure:5561: $? = 0
configure:5561: result: yes
configure:5561: checking for sys/stat.h
configure:5561: gcc -c -g -O2  conftest.c >&5
configure:5561: $? = 0
configure:5561: result: yes
configure:5561: checking for stdlib.h
configure:5561: gcc -c -g -O2  conftest.c >&5
configure:5561: $? = 0
configure:5561: result: yes
configure:5561: checking for string.h
configure:5561: gcc -c -g -O2  conftest.c >&5
configure:5561: $? = 0
configure:5561: result: yes
configure:5561: checking for memory.h
configure:5561: gcc -c -g -O2  conftest.c >&5
configure:5561: $? = 0
configure:5561: result: yes
configure:5561: checking for strings.h
configure:5561: gcc -c -g -O2  conftest.c >&5
configure:5561: $? = 0
configure:5561: result: yes
configure:5561: checking for inttypes.h
configure:5561: gcc -c -g -O2  conftest.c >&5
configure:5561: $? = 0
configure:5561: result: yes
configure:5561: checking for stdint.h
configure:5561: gcc -c -g -O2  conftest.c >&5
configure:5561: $? = 0
configure:5561: result: yes
configure:5561: checking for unistd.h
configure:5561: gcc -c -g -O2  conftest.c >&5
configure:5561: $? = 0
configure:5561: result: yes
configure:5582: checking fcntl.h usability
configure:5582: gcc -c -g -O2  conftest.c >&5
configure:5582: $? = 0
configure:5582: result: yes
configure:5582: checking fcntl.h presence
configure:5582: gcc -E  conftest.c
configure:5582: $? = 0
configure:5582: result: yes
configure:5582: checking for fcntl.h
configure:5582: result: yes
configure:5582: checking for inttypes.h
configure:5582: result: yes
configure:5582: checking limits.h usability
configure:5582: gcc -c -g -O2  conftest.c >&5
configure:5582: $? = 0
configure:5582: result: yes
configure:5582: checking limits.h presence
configure:5582: gcc -E  conftest.c
configure:5582: $? = 0
configure:5582: result: yes
configure:5582: checking for limits.h
configure:5582: result: yes
configure:5582: checking for stdlib.h
configure:5582: result: yes
configure:5582: checking for unistd.h
configure:5582: result: yes
configure:5597: checking for stdbool.h that conforms to C99
configure:5664: gcc -c -g -O2  conftest.c >&5
configure:5664: $? = 0
configure:5671: result: yes
configure:5673: checking for _Bool
configure:5673: gcc -c -g -O2  conftest.c >&5
configure:5673: $? = 0
configure:5673: gcc -c -g -O2  conftest.c >&5
conftest.c: In function 'main':
conftest.c:67:20: error: expected expression before ')' token
configure:5673: $? = 1
configure: failed program was:
| /* confdefs.h */
| #define PACKAGE_NAME "AMOS Assembler"
| #define PACKAGE_TARNAME "amos"
| #define PACKAGE_VERSION "3.1.0"
| #define PACKAGE_STRING "AMOS Assembler 3.1.0"
| #define PACKAGE_BUGREPORT "amos-help@lists.sourceforge.net"
| #define PACKAGE_URL ""
| #define PACKAGE "amos"
| #define VERSION "3.1.0"
| #define HAVE_LIBM 1
| #define HAVE_LIBC 1
| #define HAVE_LIBZ 1
| #define HAVE_DIRENT_H 1
| #define STDC_HEADERS 1
| #define HAVE_SYS_WAIT_H 1
| #define HAVE_SYS_TYPES_H 1
| #define HAVE_SYS_STAT_H 1
| #define HAVE_STDLIB_H 1
| #define HAVE_STRING_H 1
| #define HAVE_MEMORY_H 1
| #define HAVE_STRINGS_H 1
| #define HAVE_INTTYPES_H 1
| #define HAVE_STDINT_H 1
| #define HAVE_UNISTD_H 1
| #define HAVE_FCNTL_H 1
| #define HAVE_INTTYPES_H 1
| #define HAVE_LIMITS_H 1
| #define HAVE_STDLIB_H 1
| #define HAVE_UNISTD_H 1
| /* end confdefs.h.  */
| #include <stdio.h>
| #ifdef HAVE_SYS_TYPES_H
| # include <sys/types.h>
| #endif
| #ifdef HAVE_SYS_STAT_H
| # include <sys/stat.h>
| #endif
| #ifdef STDC_HEADERS
| # include <stdlib.h>
| # include <stddef.h>
| #else
| # ifdef HAVE_STDLIB_H
| #  include <stdlib.h>
| # endif
| #endif
| #ifdef HAVE_STRING_H
| # if !defined STDC_HEADERS && defined HAVE_MEMORY_H
| #  include <memory.h>
| # endif
| # include <string.h>
| #endif
| #ifdef HAVE_STRINGS_H
| # include <strings.h>
| #endif
| #ifdef HAVE_INTTYPES_H
| # include <inttypes.h>
| #endif
| #ifdef HAVE_STDINT_H
| # include <stdint.h>
| #endif
| #ifdef HAVE_UNISTD_H
| # include <unistd.h>
| #endif
| int
| main ()
| {
| if (sizeof ((_Bool)))
| 	    return 0;
|   ;
|   return 0;
| }
configure:5673: result: yes
configure:5689: checking for an ANSI C-conforming const
configure:5754: gcc -c -g -O2  conftest.c >&5
configure:5754: $? = 0
configure:5761: result: yes
configure:5769: checking for inline
configure:5785: gcc -c -g -O2  conftest.c >&5
configure:5785: $? = 0
configure:5793: result: inline
configure:5811: checking for pid_t
configure:5811: gcc -c -g -O2  conftest.c >&5
configure:5811: $? = 0
configure:5811: gcc -c -g -O2  conftest.c >&5
conftest.c: In function 'main':
conftest.c:69:20: error: expected expression before ')' token
configure:5811: $? = 1
configure: failed program was:
| /* confdefs.h */
| #define PACKAGE_NAME "AMOS Assembler"
| #define PACKAGE_TARNAME "amos"
| #define PACKAGE_VERSION "3.1.0"
| #define PACKAGE_STRING "AMOS Assembler 3.1.0"
| #define PACKAGE_BUGREPORT "amos-help@lists.sourceforge.net"
| #define PACKAGE_URL ""
| #define PACKAGE "amos"
| #define VERSION "3.1.0"
| #define HAVE_LIBM 1
| #define HAVE_LIBC 1
| #define HAVE_LIBZ 1
| #define HAVE_DIRENT_H 1
| #define STDC_HEADERS 1
| #define HAVE_SYS_WAIT_H 1
| #define HAVE_SYS_TYPES_H 1
| #define HAVE_SYS_STAT_H 1
| #define HAVE_STDLIB_H 1
| #define HAVE_STRING_H 1
| #define HAVE_MEMORY_H 1
| #define HAVE_STRINGS_H 1
| #define HAVE_INTTYPES_H 1
| #define HAVE_STDINT_H 1
| #define HAVE_UNISTD_H 1
| #define HAVE_FCNTL_H 1
| #define HAVE_INTTYPES_H 1
| #define HAVE_LIMITS_H 1
| #define HAVE_STDLIB_H 1
| #define HAVE_UNISTD_H 1
| #define HAVE__BOOL 1
| #define HAVE_STDBOOL_H 1
| /* end confdefs.h.  */
| #include <stdio.h>
| #ifdef HAVE_SYS_TYPES_H
| # include <sys/types.h>
| #endif
| #ifdef HAVE_SYS_STAT_H
| # include <sys/stat.h>
| #endif
| #ifdef STDC_HEADERS
| # include <stdlib.h>
| # include <stddef.h>
| #else
| # ifdef HAVE_STDLIB_H
| #  include <stdlib.h>
| # endif
| #endif
| #ifdef HAVE_STRING_H
| # if !defined STDC_HEADERS && defined HAVE_MEMORY_H
| #  include <memory.h>
| # endif
| # include <string.h>
| #endif
| #ifdef HAVE_STRINGS_H
| # include <strings.h>
| #endif
| #ifdef HAVE_INTTYPES_H
| # include <inttypes.h>
| #endif
| #ifdef HAVE_STDINT_H
| # include <stdint.h>
| #endif
| #ifdef HAVE_UNISTD_H
| # include <unistd.h>
| #endif
| int
| main ()
| {
| if (sizeof ((pid_t)))
| 	    return 0;
|   ;
|   return 0;
| }
configure:5811: result: yes
configure:5822: checking for size_t
configure:5822: gcc -c -g -O2  conftest.c >&5
configure:5822: $? = 0
configure:5822: gcc -c -g -O2  conftest.c >&5
conftest.c: In function 'main':
conftest.c:69:21: error: expected expression before ')' token
configure:5822: $? = 1
configure: failed program was:
| /* confdefs.h */
| #define PACKAGE_NAME "AMOS Assembler"
| #define PACKAGE_TARNAME "amos"
| #define PACKAGE_VERSION "3.1.0"
| #define PACKAGE_STRING "AMOS Assembler 3.1.0"
| #define PACKAGE_BUGREPORT "amos-help@lists.sourceforge.net"
| #define PACKAGE_URL ""
| #define PACKAGE "amos"
| #define VERSION "3.1.0"
| #define HAVE_LIBM 1
| #define HAVE_LIBC 1
| #define HAVE_LIBZ 1
| #define HAVE_DIRENT_H 1
| #define STDC_HEADERS 1
| #define HAVE_SYS_WAIT_H 1
| #define HAVE_SYS_TYPES_H 1
| #define HAVE_SYS_STAT_H 1
| #define HAVE_STDLIB_H 1
| #define HAVE_STRING_H 1
| #define HAVE_MEMORY_H 1
| #define HAVE_STRINGS_H 1
| #define HAVE_INTTYPES_H 1
| #define HAVE_STDINT_H 1
| #define HAVE_UNISTD_H 1
| #define HAVE_FCNTL_H 1
| #define HAVE_INTTYPES_H 1
| #define HAVE_LIMITS_H 1
| #define HAVE_STDLIB_H 1
| #define HAVE_UNISTD_H 1
| #define HAVE__BOOL 1
| #define HAVE_STDBOOL_H 1
| /* end confdefs.h.  */
| #include <stdio.h>
| #ifdef HAVE_SYS_TYPES_H
| # include <sys/types.h>
| #endif
| #ifdef HAVE_SYS_STAT_H
| # include <sys/stat.h>
| #endif
| #ifdef STDC_HEADERS
| # include <stdlib.h>
| # include <stddef.h>
| #else
| # ifdef HAVE_STDLIB_H
| #  include <stdlib.h>
| # endif
| #endif
| #ifdef HAVE_STRING_H
| # if !defined STDC_HEADERS && defined HAVE_MEMORY_H
| #  include <memory.h>
| # endif
| # include <string.h>
| #endif
| #ifdef HAVE_STRINGS_H
| # include <strings.h>
| #endif
| #ifdef HAVE_INTTYPES_H
| # include <inttypes.h>
| #endif
| #ifdef HAVE_STDINT_H
| # include <stdint.h>
| #endif
| #ifdef HAVE_UNISTD_H
| # include <unistd.h>
| #endif
| int
| main ()
| {
| if (sizeof ((size_t)))
| 	    return 0;
|   ;
|   return 0;
| }
configure:5822: result: yes
configure:5833: checking for mode_t
configure:5833: gcc -c -g -O2  conftest.c >&5
configure:5833: $? = 0
configure:5833: gcc -c -g -O2  conftest.c >&5
conftest.c: In function 'main':
conftest.c:69:21: error: expected expression before ')' token
configure:5833: $? = 1
configure: failed program was:
| /* confdefs.h */
| #define PACKAGE_NAME "AMOS Assembler"
| #define PACKAGE_TARNAME "amos"
| #define PACKAGE_VERSION "3.1.0"
| #define PACKAGE_STRING "AMOS Assembler 3.1.0"
| #define PACKAGE_BUGREPORT "amos-help@lists.sourceforge.net"
| #define PACKAGE_URL ""
| #define PACKAGE "amos"
| #define VERSION "3.1.0"
| #define HAVE_LIBM 1
| #define HAVE_LIBC 1
| #define HAVE_LIBZ 1
| #define HAVE_DIRENT_H 1
| #define STDC_HEADERS 1
| #define HAVE_SYS_WAIT_H 1
| #define HAVE_SYS_TYPES_H 1
| #define HAVE_SYS_STAT_H 1
| #define HAVE_STDLIB_H 1
| #define HAVE_STRING_H 1
| #define HAVE_MEMORY_H 1
| #define HAVE_STRINGS_H 1
| #define HAVE_INTTYPES_H 1
| #define HAVE_STDINT_H 1
| #define HAVE_UNISTD_H 1
| #define HAVE_FCNTL_H 1
| #define HAVE_INTTYPES_H 1
| #define HAVE_LIMITS_H 1
| #define HAVE_STDLIB_H 1
| #define HAVE_UNISTD_H 1
| #define HAVE__BOOL 1
| #define HAVE_STDBOOL_H 1
| /* end confdefs.h.  */
| #include <stdio.h>
| #ifdef HAVE_SYS_TYPES_H
| # include <sys/types.h>
| #endif
| #ifdef HAVE_SYS_STAT_H
| # include <sys/stat.h>
| #endif
| #ifdef STDC_HEADERS
| # include <stdlib.h>
| # include <stddef.h>
| #else
| # ifdef HAVE_STDLIB_H
| #  include <stdlib.h>
| # endif
| #endif
| #ifdef HAVE_STRING_H
| # if !defined STDC_HEADERS && defined HAVE_MEMORY_H
| #  include <memory.h>
| # endif
| # include <string.h>
| #endif
| #ifdef HAVE_STRINGS_H
| # include <strings.h>
| #endif
| #ifdef HAVE_INTTYPES_H
| # include <inttypes.h>
| #endif
| #ifdef HAVE_STDINT_H
| # include <stdint.h>
| #endif
| #ifdef HAVE_UNISTD_H
| # include <unistd.h>
| #endif
| int
| main ()
| {
| if (sizeof ((mode_t)))
| 	    return 0;
|   ;
|   return 0;
| }
configure:5833: result: yes
configure:5844: checking whether struct tm is in sys/time.h or time.h
configure:5864: gcc -c -g -O2  conftest.c >&5
configure:5864: $? = 0
configure:5871: result: time.h
configure:5879: checking whether byte ordering is bigendian
configure:5894: gcc -c -g -O2  conftest.c >&5
conftest.c:34:13: error: expected '=', ',', ';', 'asm' or '__attribute__' before 'a'
configure:5894: $? = 1
configure: failed program was:
| /* confdefs.h */
| #define PACKAGE_NAME "AMOS Assembler"
| #define PACKAGE_TARNAME "amos"
| #define PACKAGE_VERSION "3.1.0"
| #define PACKAGE_STRING "AMOS Assembler 3.1.0"
| #define PACKAGE_BUGREPORT "amos-help@lists.sourceforge.net"
| #define PACKAGE_URL ""
| #define PACKAGE "amos"
| #define VERSION "3.1.0"
| #define HAVE_LIBM 1
| #define HAVE_LIBC 1
| #define HAVE_LIBZ 1
| #define HAVE_DIRENT_H 1
| #define STDC_HEADERS 1
| #define HAVE_SYS_WAIT_H 1
| #define HAVE_SYS_TYPES_H 1
| #define HAVE_SYS_STAT_H 1
| #define HAVE_STDLIB_H 1
| #define HAVE_STRING_H 1
| #define HAVE_MEMORY_H 1
| #define HAVE_STRINGS_H 1
| #define HAVE_INTTYPES_H 1
| #define HAVE_STDINT_H 1
| #define HAVE_UNISTD_H 1
| #define HAVE_FCNTL_H 1
| #define HAVE_INTTYPES_H 1
| #define HAVE_LIMITS_H 1
| #define HAVE_STDLIB_H 1
| #define HAVE_UNISTD_H 1
| #define HAVE__BOOL 1
| #define HAVE_STDBOOL_H 1
| /* end confdefs.h.  */
| #ifndef __APPLE_CC__
| 	       not a universal capable compiler
| 	     #endif
| 	     typedef int dummy;
| 
configure:5939: gcc -c -g -O2  conftest.c >&5
configure:5939: $? = 0
configure:5957: gcc -c -g -O2  conftest.c >&5
conftest.c: In function 'main':
conftest.c:40:4: error: 'not' undeclared (first use in this function)
conftest.c:40:4: note: each undeclared identifier is reported only once for each function it appears in
conftest.c:40:8: error: expected ';' before 'big'
configure:5957: $? = 1
configure: failed program was:
| /* confdefs.h */
| #define PACKAGE_NAME "AMOS Assembler"
| #define PACKAGE_TARNAME "amos"
| #define PACKAGE_VERSION "3.1.0"
| #define PACKAGE_STRING "AMOS Assembler 3.1.0"
| #define PACKAGE_BUGREPORT "amos-help@lists.sourceforge.net"
| #define PACKAGE_URL ""
| #define PACKAGE "amos"
| #define VERSION "3.1.0"
| #define HAVE_LIBM 1
| #define HAVE_LIBC 1
| #define HAVE_LIBZ 1
| #define HAVE_DIRENT_H 1
| #define STDC_HEADERS 1
| #define HAVE_SYS_WAIT_H 1
| #define HAVE_SYS_TYPES_H 1
| #define HAVE_SYS_STAT_H 1
| #define HAVE_STDLIB_H 1
| #define HAVE_STRING_H 1
| #define HAVE_MEMORY_H 1
| #define HAVE_STRINGS_H 1
| #define HAVE_INTTYPES_H 1
| #define HAVE_STDINT_H 1
| #define HAVE_UNISTD_H 1
| #define HAVE_FCNTL_H 1
| #define HAVE_INTTYPES_H 1
| #define HAVE_LIMITS_H 1
| #define HAVE_STDLIB_H 1
| #define HAVE_UNISTD_H 1
| #define HAVE__BOOL 1
| #define HAVE_STDBOOL_H 1
| /* end confdefs.h.  */
| #include <sys/types.h>
| 		#include <sys/param.h>
| 
| int
| main ()
| {
| #if BYTE_ORDER != BIG_ENDIAN
| 		 not big endian
| 		#endif
| 
|   ;
|   return 0;
| }
configure:6085: result: no
configure:6110: checking for special C compiler options needed for large files
configure:6155: result: no
configure:6161: checking for _FILE_OFFSET_BITS value needed for large files
configure:6186: gcc -c -g -O2  conftest.c >&5
configure:6186: $? = 0
configure:6218: result: no
configure:6302: checking whether bitfields are packed htol
configure:6333: gcc -o conftest -g -O2   conftest.c -lz -lc -lm  >&5
conftest.c: In function 'main':
conftest.c:47:20: warning: incompatible implicit declaration of built-in function 'exit'
configure:6333: $? = 0
configure:6333: ./conftest
configure:6333: $? = 255
configure: program exited with status 255
configure: failed program was:
| /* confdefs.h */
| #define PACKAGE_NAME "AMOS Assembler"
| #define PACKAGE_TARNAME "amos"
| #define PACKAGE_VERSION "3.1.0"
| #define PACKAGE_STRING "AMOS Assembler 3.1.0"
| #define PACKAGE_BUGREPORT "amos-help@lists.sourceforge.net"
| #define PACKAGE_URL ""
| #define PACKAGE "amos"
| #define VERSION "3.1.0"
| #define HAVE_LIBM 1
| #define HAVE_LIBC 1
| #define HAVE_LIBZ 1
| #define HAVE_DIRENT_H 1
| #define STDC_HEADERS 1
| #define HAVE_SYS_WAIT_H 1
| #define HAVE_SYS_TYPES_H 1
| #define HAVE_SYS_STAT_H 1
| #define HAVE_STDLIB_H 1
| #define HAVE_STRING_H 1
| #define HAVE_MEMORY_H 1
| #define HAVE_STRINGS_H 1
| #define HAVE_INTTYPES_H 1
| #define HAVE_STDINT_H 1
| #define HAVE_UNISTD_H 1
| #define HAVE_FCNTL_H 1
| #define HAVE_INTTYPES_H 1
| #define HAVE_LIMITS_H 1
| #define HAVE_STDLIB_H 1
| #define HAVE_UNISTD_H 1
| #define HAVE__BOOL 1
| #define HAVE_STDBOOL_H 1
| /* end confdefs.h.  */
| 
| 
|                struct
|                {
|                  unsigned char a : 4;
|                  unsigned char b : 4;
|                } bf;
| 
|                int
|                main()
|                {
|                  char * p = (char *) &bf;
|                  *p = 0x12;
|                  if (bf.a == 1)
|                    exit(0);
|                  else
|                    exit(-1);
|                }
| 
| 
configure:6343: result: no
configure:6352: checking for X
configure:6460: gcc -E  conftest.c
configure:6460: $? = 0
configure:6491: gcc -o conftest -g -O2   conftest.c -lX11 -lz -lc -lm  >&5
configure:6491: $? = 0
configure:6541: result: libraries , headers 
configure:6640: gcc -o conftest -g -O2   conftest.c -lz -lc -lm   -lX11 >&5
configure:6640: $? = 0
configure:6738: checking for gethostbyname
configure:6738: gcc -o conftest -g -O2   conftest.c -lz -lc -lm  >&5
configure:6738: $? = 0
configure:6738: result: yes
configure:6835: checking for connect
configure:6835: gcc -o conftest -g -O2   conftest.c -lz -lc -lm  >&5
configure:6835: $? = 0
configure:6835: result: yes
configure:6884: checking for remove
configure:6884: gcc -o conftest -g -O2   conftest.c -lz -lc -lm  >&5
configure:6884: $? = 0
configure:6884: result: yes
configure:6933: checking for shmat
configure:6933: gcc -o conftest -g -O2   conftest.c -lz -lc -lm  >&5
configure:6933: $? = 0
configure:6933: result: yes
configure:6991: checking for IceConnectionNumber in -lICE
configure:7016: gcc -o conftest -g -O2   conftest.c -lICE  -lz -lc -lm  >&5
configure:7016: $? = 0
configure:7025: result: yes
configure:7040: checking for Qt4
configure:7074: result: no
configure:7080: checking whether Qt4 works
configure:7183: result: no
configure:7201: checking for Boost
configure:7279: result: yes
configure:7292: checking whether Boost works
configure:7340: ++ -I/usr/include -DAMOS_HAVE_BOOST -c -g -O2 -o amos_boost_main.o amos_boost_main.c
In file included from /usr/include/c++/4.5/backward/hash_set:60:0,
                 from /usr/include/boost/pending/container_traits.hpp:23,
                 from /usr/include/boost/graph/detail/adjacency_list.hpp:31,
                 from /usr/include/boost/graph/adjacency_list.hpp:324,
                 from amos_boost_test.h:5,
                 from amos_boost_main.c:1:
/usr/include/c++/4.5/backward/backward_warning.h:28:2: warning: #warning This file includes at least one deprecated or antiquated header which may be removed without further notice at a future date. Please use a non-deprecated interface with equivalent functionality instead. For a listing of replacement headers and interfaces, consult the file backward_warning.h. To disable this warning use -Wno-deprecated.
configure:7343: $? = 0
configure:7345: ++ -lz -lc -lm -o amos_boost_main amos_boost_main.o
configure:7348: $? = 0
configure:7367: result: yes
configure:7378: checking for CA
configure:7420: result: no
configure:7428: checking whether CA works
configure:7489: result: no
configure:7504: checking getopt.h usability
configure:7504: gcc -c -g -O2  conftest.c >&5
configure:7504: $? = 0
configure:7504: result: yes
configure:7504: checking getopt.h presence
configure:7504: gcc -E  conftest.c
configure:7504: $? = 0
configure:7504: result: yes
configure:7504: checking for getopt.h
configure:7504: result: yes
configure:7518: checking for getopt_long_only
configure:7518: gcc -o conftest -g -O2   conftest.c -lz -lc -lm  >&5
configure:7518: $? = 0
configure:7518: result: yes
configure:7567: checking for working strtod
configure:7608: gcc -o conftest -g -O2   conftest.c -lz -lc -lm  >&5
conftest.c: In function 'main':
conftest.c:90:12: warning: ignoring return value of 'strtod', declared with attribute warn_unused_result
configure:7608: $? = 0
configure:7608: ./conftest
configure:7608: $? = 0
configure:7618: result: yes
configure:7687: checking for isascii
configure:7687: gcc -o conftest -g -O2   conftest.c -lz -lc -lm  >&5
conftest.c:58:6: warning: conflicting types for built-in function 'isascii'
configure:7687: $? = 0
configure:7687: result: yes
configure:7719: checking for strtol
configure:7719: gcc -o conftest -g -O2   conftest.c -lz -lc -lm  >&5
configure:7719: $? = 0
configure:7719: result: yes
configure:7750: checking vfork.h usability
configure:7750: gcc -c -g -O2  conftest.c >&5
conftest.c:70:19: fatal error: vfork.h: No such file or directory
compilation terminated.
configure:7750: $? = 1
configure: failed program was:
| /* confdefs.h */
| #define PACKAGE_NAME "AMOS Assembler"
| #define PACKAGE_TARNAME "amos"
| #define PACKAGE_VERSION "3.1.0"
| #define PACKAGE_STRING "AMOS Assembler 3.1.0"
| #define PACKAGE_BUGREPORT "amos-help@lists.sourceforge.net"
| #define PACKAGE_URL ""
| #define PACKAGE "amos"
| #define VERSION "3.1.0"
| #define HAVE_LIBM 1
| #define HAVE_LIBC 1
| #define HAVE_LIBZ 1
| #define HAVE_DIRENT_H 1
| #define STDC_HEADERS 1
| #define HAVE_SYS_WAIT_H 1
| #define HAVE_SYS_TYPES_H 1
| #define HAVE_SYS_STAT_H 1
| #define HAVE_STDLIB_H 1
| #define HAVE_STRING_H 1
| #define HAVE_MEMORY_H 1
| #define HAVE_STRINGS_H 1
| #define HAVE_INTTYPES_H 1
| #define HAVE_STDINT_H 1
| #define HAVE_UNISTD_H 1
| #define HAVE_FCNTL_H 1
| #define HAVE_INTTYPES_H 1
| #define HAVE_LIMITS_H 1
| #define HAVE_STDLIB_H 1
| #define HAVE_UNISTD_H 1
| #define HAVE__BOOL 1
| #define HAVE_STDBOOL_H 1
| #define HAVE_GETOPT_H 1
| #define HAVE_GETOPT_LONG_ONLY 1
| #define HAVE_ISASCII 1
| #define HAVE_STRTOL 1
| /* end confdefs.h.  */
| #include <stdio.h>
| #ifdef HAVE_SYS_TYPES_H
| # include <sys/types.h>
| #endif
| #ifdef HAVE_SYS_STAT_H
| # include <sys/stat.h>
| #endif
| #ifdef STDC_HEADERS
| # include <stdlib.h>
| # include <stddef.h>
| #else
| # ifdef HAVE_STDLIB_H
| #  include <stdlib.h>
| # endif
| #endif
| #ifdef HAVE_STRING_H
| # if !defined STDC_HEADERS && defined HAVE_MEMORY_H
| #  include <memory.h>
| # endif
| # include <string.h>
| #endif
| #ifdef HAVE_STRINGS_H
| # include <strings.h>
| #endif
| #ifdef HAVE_INTTYPES_H
| # include <inttypes.h>
| #endif
| #ifdef HAVE_STDINT_H
| # include <stdint.h>
| #endif
| #ifdef HAVE_UNISTD_H
| # include <unistd.h>
| #endif
| #include <vfork.h>
configure:7750: result: no
configure:7750: checking vfork.h presence
configure:7750: gcc -E  conftest.c
conftest.c:37:19: fatal error: vfork.h: No such file or directory
compilation terminated.
configure:7750: $? = 1
configure: failed program was:
| /* confdefs.h */
| #define PACKAGE_NAME "AMOS Assembler"
| #define PACKAGE_TARNAME "amos"
| #define PACKAGE_VERSION "3.1.0"
| #define PACKAGE_STRING "AMOS Assembler 3.1.0"
| #define PACKAGE_BUGREPORT "amos-help@lists.sourceforge.net"
| #define PACKAGE_URL ""
| #define PACKAGE "amos"
| #define VERSION "3.1.0"
| #define HAVE_LIBM 1
| #define HAVE_LIBC 1
| #define HAVE_LIBZ 1
| #define HAVE_DIRENT_H 1
| #define STDC_HEADERS 1
| #define HAVE_SYS_WAIT_H 1
| #define HAVE_SYS_TYPES_H 1
| #define HAVE_SYS_STAT_H 1
| #define HAVE_STDLIB_H 1
| #define HAVE_STRING_H 1
| #define HAVE_MEMORY_H 1
| #define HAVE_STRINGS_H 1
| #define HAVE_INTTYPES_H 1
| #define HAVE_STDINT_H 1
| #define HAVE_UNISTD_H 1
| #define HAVE_FCNTL_H 1
| #define HAVE_INTTYPES_H 1
| #define HAVE_LIMITS_H 1
| #define HAVE_STDLIB_H 1
| #define HAVE_UNISTD_H 1
| #define HAVE__BOOL 1
| #define HAVE_STDBOOL_H 1
| #define HAVE_GETOPT_H 1
| #define HAVE_GETOPT_LONG_ONLY 1
| #define HAVE_ISASCII 1
| #define HAVE_STRTOL 1
| /* end confdefs.h.  */
| #include <vfork.h>
configure:7750: result: no
configure:7750: checking for vfork.h
configure:7750: result: no
configure:7763: checking for fork
configure:7763: gcc -o conftest -g -O2   conftest.c -lz -lc -lm  >&5
conftest.c:60:6: warning: conflicting types for built-in function 'fork'
configure:7763: $? = 0
configure:7763: result: yes
configure:7763: checking for vfork
configure:7763: gcc -o conftest -g -O2   conftest.c -lz -lc -lm  >&5
configure:7763: $? = 0
configure:7763: result: yes
configure:7773: checking for working fork
configure:7795: gcc -o conftest -g -O2   conftest.c -lz -lc -lm  >&5
configure:7795: $? = 0
configure:7795: ./conftest
configure:7795: $? = 0
configure:7805: result: yes
configure:7826: checking for working vfork
configure:7936: result: yes
configure:7964: checking sys/select.h usability
configure:7964: gcc -c -g -O2  conftest.c >&5
configure:7964: $? = 0
configure:7964: result: yes
configure:7964: checking sys/select.h presence
configure:7964: gcc -E  conftest.c
configure:7964: $? = 0
configure:7964: result: yes
configure:7964: checking for sys/select.h
configure:7964: result: yes
configure:7964: checking sys/socket.h usability
configure:7964: gcc -c -g -O2  conftest.c >&5
configure:7964: $? = 0
configure:7964: result: yes
configure:7964: checking sys/socket.h presence
configure:7964: gcc -E  conftest.c
configure:7964: $? = 0
configure:7964: result: yes
configure:7964: checking for sys/socket.h
configure:7964: result: yes
configure:7974: checking types of arguments for select
configure:8002: gcc -c -g -O2  conftest.c >&5
configure:8002: $? = 0
configure:8013: result: int,fd_set *,struct timeval *
configure:8038: checking for strftime
configure:8038: gcc -o conftest -g -O2   conftest.c -lz -lc -lm  >&5
conftest.c:69:6: warning: conflicting types for built-in function 'strftime'
configure:8038: $? = 0
configure:8038: result: yes
configure:8109: checking for dup2
configure:8109: gcc -o conftest -g -O2   conftest.c -lz -lc -lm  >&5
configure:8109: $? = 0
configure:8109: result: yes
configure:8109: checking for floor
configure:8109: gcc -o conftest -g -O2   conftest.c -lz -lc -lm  >&5
conftest.c:71:6: warning: conflicting types for built-in function 'floor'
configure:8109: $? = 0
configure:8109: result: yes
configure:8109: checking for localtime
configure:8109: gcc -o conftest -g -O2   conftest.c -lz -lc -lm  >&5
configure:8109: $? = 0
configure:8109: result: yes
configure:8109: checking for lstat
configure:8109: gcc -o conftest -g -O2   conftest.c -lz -lc -lm  >&5
configure:8109: $? = 0
configure:8109: result: yes
configure:8109: checking for memmove
configure:8109: gcc -o conftest -g -O2   conftest.c -lz -lc -lm  >&5
conftest.c:74:6: warning: conflicting types for built-in function 'memmove'
configure:8109: $? = 0
configure:8109: result: yes
configure:8109: checking for memset
configure:8109: gcc -o conftest -g -O2   conftest.c -lz -lc -lm  >&5
conftest.c:75:6: warning: conflicting types for built-in function 'memset'
configure:8109: $? = 0
configure:8109: result: yes
configure:8109: checking for mkdir
configure:8109: gcc -o conftest -g -O2   conftest.c -lz -lc -lm  >&5
configure:8109: $? = 0
configure:8109: result: yes
configure:8109: checking for pow
configure:8109: gcc -o conftest -g -O2   conftest.c -lz -lc -lm  >&5
conftest.c:77:6: warning: conflicting types for built-in function 'pow'
configure:8109: $? = 0
configure:8109: result: yes
configure:8109: checking for rmdir
configure:8109: gcc -o conftest -g -O2   conftest.c -lz -lc -lm  >&5
configure:8109: $? = 0
configure:8109: result: yes
configure:8109: checking for sqrt
configure:8109: gcc -o conftest -g -O2   conftest.c -lz -lc -lm  >&5
conftest.c:79:6: warning: conflicting types for built-in function 'sqrt'
configure:8109: $? = 0
configure:8109: result: yes
configure:8109: checking for stat
configure:8109: gcc -o conftest -g -O2   conftest.c -lz -lc -lm  >&5
configure:8109: $? = 0
configure:8109: result: yes
configure:8109: checking for strchr
configure:8109: gcc -o conftest -g -O2   conftest.c -lz -lc -lm  >&5
conftest.c:81:6: warning: conflicting types for built-in function 'strchr'
configure:8109: $? = 0
configure:8109: result: yes
configure:8109: checking for strdup
configure:8109: gcc -o conftest -g -O2   conftest.c -lz -lc -lm  >&5
conftest.c:82:6: warning: conflicting types for built-in function 'strdup'
configure:8109: $? = 0
configure:8109: result: yes
configure:8109: checking for strstr
configure:8109: gcc -o conftest -g -O2   conftest.c -lz -lc -lm  >&5
conftest.c:83:6: warning: conflicting types for built-in function 'strstr'
configure:8109: $? = 0
configure:8109: result: yes
configure:8127: checking build system type
configure:8141: result: x86_64-unknown-linux-gnu
configure:8161: checking host system type
configure:8174: result: x86_64-unknown-linux-gnu
configure:8204: checking whether to build AMOScmp
configure:8211: result: no
configure:8230: checking whether to build minimus
configure:8237: result: no
configure:8256: checking whether to build Simulator
configure:8263: result: no
configure:8282: checking whether to build Experimental
configure:8289: result: no
configure:8308: checking whether to build all
configure:8315: result: yes
configure:8524: creating ./config.status

## ---------------------- ##
## Running config.status. ##
## ---------------------- ##

This file was extended by AMOS Assembler config.status 3.1.0, which was
generated by GNU Autoconf 2.68.  Invocation command line was

  CONFIG_FILES    = 
  CONFIG_HEADERS  = 
  CONFIG_LINKS    = 
  CONFIG_COMMANDS = 
  $ ./config.status 

on hek

config.status:990: creating Makefile
config.status:990: creating doc/Makefile
config.status:990: creating src/Makefile
config.status:990: creating src/GNU/Makefile
config.status:990: creating src/AMOS/Makefile
config.status:990: creating src/Bambus/Makefile
config.status:990: creating src/Bambus/Bundler/Makefile
config.status:990: creating src/Bambus/Output/Makefile
config.status:990: creating src/Bambus/Untangler/Makefile
config.status:990: creating src/Common/Makefile
config.status:990: creating src/Graph/Makefile
config.status:990: creating src/Slice/Makefile
config.status:990: creating src/CelMsg/Makefile
config.status:990: creating src/Message/Makefile
config.status:990: creating src/Bank/Makefile
config.status:990: creating src/Align/Makefile
config.status:990: creating src/Tigger/Makefile
config.status:990: creating src/Compare/Makefile
config.status:990: creating src/Casm/Makefile
config.status:990: creating src/CtgTrim/Makefile
config.status:990: creating src/Sim/Makefile
config.status:990: creating src/Validation/Makefile
config.status:990: creating src/Converters/Makefile
config.status:990: creating src/Utils/Makefile
config.status:990: creating src/PerlModules/Makefile
config.status:990: creating src/PythonModules/Makefile
config.status:990: creating src/Pipeline/Makefile
config.status:990: creating src/Staden/Makefile
config.status:990: creating src/Staden/read/Makefile
config.status:990: creating src/Staden/progs/Makefile
config.status:990: creating src/Contig/Makefile
config.status:990: creating src/Foundation/Makefile
config.status:990: creating src/hawkeye/Makefile
config.status:990: creating src/Experimental/Makefile
config.status:990: creating config.h
config.status:1171: config.h is unchanged
config.status:1219: executing depfiles commands

## ---------------- ##
## Cache variables. ##
## ---------------- ##

ac_cv_boost_test_result=yes
ac_cv_build=x86_64-unknown-linux-gnu
ac_cv_c_bigendian=no
ac_cv_c_bitfields_htol=no
ac_cv_c_compiler_gnu=yes
ac_cv_c_const=yes
ac_cv_c_inline=inline
ac_cv_ca_test_result=no
ac_cv_cxx_compiler_gnu=yes
ac_cv_enable_AMOScmp=no
ac_cv_enable_Experimental=no
ac_cv_enable_Simulator=no
ac_cv_enable_all=yes
ac_cv_enable_minimus=no
ac_cv_env_BLAT_set=
ac_cv_env_BLAT_value=
ac_cv_env_CCC_set=
ac_cv_env_CCC_value=
ac_cv_env_CC_set=
ac_cv_env_CC_value=
ac_cv_env_CFLAGS_set=
ac_cv_env_CFLAGS_value=
ac_cv_env_CPPFLAGS_set=
ac_cv_env_CPPFLAGS_value=
ac_cv_env_CPP_set=
ac_cv_env_CPP_value=
ac_cv_env_CXXFLAGS_set=
ac_cv_env_CXXFLAGS_value=
ac_cv_env_CXX_set=
ac_cv_env_CXX_value=
ac_cv_env_DELTAFILTER_set=
ac_cv_env_DELTAFILTER_value=
ac_cv_env_LDFLAGS_set=
ac_cv_env_LDFLAGS_value=
ac_cv_env_LIBS_set=
ac_cv_env_LIBS_value=
ac_cv_env_NUCMER_set=set
ac_cv_env_NUCMER_value=/home/kuleshov/bin/MUMmer3.23-64bit-recompiled/nucmer
ac_cv_env_PERL_set=
ac_cv_env_PERL_value=
ac_cv_env_PYTHON_set=
ac_cv_env_PYTHON_value=
ac_cv_env_SHOWCOORDS_set=set
ac_cv_env_SHOWCOORDS_value=/home/kuleshov/bin/MUMmer3.23-64bit-recompiled/show-coords
ac_cv_env_XMKMF_set=
ac_cv_env_XMKMF_value=
ac_cv_env_build_alias_set=
ac_cv_env_build_alias_value=
ac_cv_env_host_alias_set=
ac_cv_env_host_alias_value=
ac_cv_env_target_alias_set=
ac_cv_env_target_alias_value=
ac_cv_func_connect=yes
ac_cv_func_dup2=yes
ac_cv_func_floor=yes
ac_cv_func_fork=yes
ac_cv_func_fork_works=yes
ac_cv_func_gethostbyname=yes
ac_cv_func_getopt_long_only=yes
ac_cv_func_isascii=yes
ac_cv_func_localtime=yes
ac_cv_func_lstat=yes
ac_cv_func_memmove=yes
ac_cv_func_memset=yes
ac_cv_func_mkdir=yes
ac_cv_func_pow=yes
ac_cv_func_remove=yes
ac_cv_func_rmdir=yes
ac_cv_func_select_args='int,fd_set *,struct timeval *'
ac_cv_func_shmat=yes
ac_cv_func_sqrt=yes
ac_cv_func_stat=yes
ac_cv_func_strchr=yes
ac_cv_func_strdup=yes
ac_cv_func_strftime=yes
ac_cv_func_strstr=yes
ac_cv_func_strtod=yes
ac_cv_func_strtol=yes
ac_cv_func_vfork=yes
ac_cv_func_vfork_works=yes
ac_cv_have_boost='have_boost=yes                                         		 amos_boost_dir=/usr/include'
ac_cv_have_x='have_x=yes	ac_x_includes='\'''\''	ac_x_libraries='\'''\'''
ac_cv_header_dirent_dirent_h=yes
ac_cv_header_fcntl_h=yes
ac_cv_header_getopt_h=yes
ac_cv_header_inttypes_h=yes
ac_cv_header_limits_h=yes
ac_cv_header_memory_h=yes
ac_cv_header_stdbool_h=yes
ac_cv_header_stdc=yes
ac_cv_header_stdint_h=yes
ac_cv_header_stdlib_h=yes
ac_cv_header_string_h=yes
ac_cv_header_strings_h=yes
ac_cv_header_sys_select_h=yes
ac_cv_header_sys_socket_h=yes
ac_cv_header_sys_stat_h=yes
ac_cv_header_sys_types_h=yes
ac_cv_header_sys_wait_h=yes
ac_cv_header_unistd_h=yes
ac_cv_header_vfork_h=no
ac_cv_host=x86_64-unknown-linux-gnu
ac_cv_lib_ICE_IceConnectionNumber=yes
ac_cv_lib_c_fopen=yes
ac_cv_lib_m_pow=yes
ac_cv_lib_z_main=yes
ac_cv_objext=o
ac_cv_path_BLAT=:
ac_cv_path_DELTAFILTER=:
ac_cv_path_EGREP='/bin/grep -E'
ac_cv_path_GREP=/bin/grep
ac_cv_path_NUCMER=/home/kuleshov/bin/MUMmer3.23-64bit-recompiled/nucmer
ac_cv_path_PERL=/usr/bin/perl
ac_cv_path_PYTHON=/usr/bin/python
ac_cv_path_SHOWCOORDS=/home/kuleshov/bin/MUMmer3.23-64bit-recompiled/show-coords
ac_cv_path_install='/usr/bin/install -c'
ac_cv_path_mkdir=/bin/mkdir
ac_cv_prog_AWK=gawk
ac_cv_prog_CPP='gcc -E'
ac_cv_prog_ac_ct_CC=gcc
ac_cv_prog_ac_ct_CXX=g++
ac_cv_prog_ac_ct_RANLIB=ranlib
ac_cv_prog_cc_c89=
ac_cv_prog_cc_g=yes
ac_cv_prog_cxx_g=yes
ac_cv_prog_make_make_set=yes
ac_cv_qt_test_result=no
ac_cv_search_opendir='none required'
ac_cv_struct_tm=time.h
ac_cv_sys_file_offset_bits=no
ac_cv_sys_largefile_CC=no
ac_cv_type__Bool=yes
ac_cv_type_mode_t=yes
ac_cv_type_pid_t=yes
ac_cv_type_size_t=yes
am_cv_CC_dependencies_compiler_type=gcc3
am_cv_CXX_dependencies_compiler_type=gcc3

## ----------------- ##
## Output variables. ##
## ----------------- ##

ACLOCAL='${SHELL} /tmp/kuleshov/package/amos-3.1.0/config/missing --run aclocal-1.11'
AMDEPBACKSLASH='\'
AMDEP_FALSE='#'
AMDEP_TRUE=''
AMTAR='${SHELL} /tmp/kuleshov/package/amos-3.1.0/config/missing --run tar'
AUTOCONF='${SHELL} /tmp/kuleshov/package/amos-3.1.0/config/missing --run autoconf'
AUTOHEADER='${SHELL} /tmp/kuleshov/package/amos-3.1.0/config/missing --run autoheader'
AUTOMAKE='${SHELL} /tmp/kuleshov/package/amos-3.1.0/config/missing --run automake-1.11'
AWK='gawk'
BLAT=':'
BOOST_CXXFLAGS='-I/usr/include -DAMOS_HAVE_BOOST'
BOOST_DIR='/usr/include'
BUILD_AMOScmp_FALSE=''
BUILD_AMOScmp_TRUE='#'
BUILD_BOOST_FALSE='#'
BUILD_BOOST_TRUE=''
BUILD_Experimental_FALSE=''
BUILD_Experimental_TRUE='#'
BUILD_LIBZ_FALSE='#'
BUILD_LIBZ_TRUE=''
BUILD_QT4_FALSE=''
BUILD_QT4_TRUE='#'
BUILD_Simulator_FALSE=''
BUILD_Simulator_TRUE='#'
BUILD_all_FALSE='#'
BUILD_all_TRUE=''
BUILD_minimus_FALSE=''
BUILD_minimus_TRUE='#'
CA_CXXFLAGS=''
CA_DIR=''
CA_LDADD=''
CC='gcc'
CCDEPMODE='depmode=gcc3'
CFLAGS='-g -O2'
CPP='gcc -E'
CPPFLAGS=''
CXX='g++'
CXXDEPMODE='depmode=gcc3'
CXXFLAGS='-g -O2'
CYGPATH_W='echo'
DEFS='-DHAVE_CONFIG_H'
DELTAFILTER=':'
DEPDIR='.deps'
ECHO_C=''
ECHO_N='-n'
ECHO_T=''
EGREP='/bin/grep -E'
EXEEXT=''
GETOPT_H=''
GREP='/bin/grep'
INSTALL_DATA='${INSTALL} -m 644'
INSTALL_PROGRAM='${INSTALL}'
INSTALL_SCRIPT='${INSTALL}'
INSTALL_STRIP_PROGRAM='$(install_sh) -c -s'
LDFLAGS=''
LIBOBJS=''
LIBS='-lz -lc -lm '
LN_S='ln -s'
LTLIBOBJS=''
MAKEINFO='${SHELL} /tmp/kuleshov/package/amos-3.1.0/config/missing --run makeinfo'
MKDIR_P='/bin/mkdir -p'
NUCMER='/home/kuleshov/bin/MUMmer3.23-64bit-recompiled/nucmer'
OBJEXT='o'
PACKAGE='amos'
PACKAGE_BUGREPORT='amos-help@lists.sourceforge.net'
PACKAGE_NAME='AMOS Assembler'
PACKAGE_STRING='AMOS Assembler 3.1.0'
PACKAGE_TARNAME='amos'
PACKAGE_URL=''
PACKAGE_VERSION='3.1.0'
PATH_SEPARATOR=':'
PERL='/usr/bin/perl'
POW_LIB=''
PYTHON='/usr/bin/python'
QT_CXXFLAGS=''
QT_LIBS=''
QT_MOC=''
QT_QMAKE=''
RANLIB='ranlib'
SET_MAKE=''
SHELL='/bin/bash'
SHOWCOORDS='/home/kuleshov/bin/MUMmer3.23-64bit-recompiled/show-coords'
STRIP=''
VERSION='3.1.0'
XMKMF=''
X_CFLAGS=''
X_EXTRA_LIBS=''
X_LIBS=''
X_PRE_LIBS=' -lSM -lICE'
ac_ct_CC='gcc'
ac_ct_CXX='g++'
am__EXEEXT_FALSE=''
am__EXEEXT_TRUE='#'
am__fastdepCC_FALSE='#'
am__fastdepCC_TRUE=''
am__fastdepCXX_FALSE='#'
am__fastdepCXX_TRUE=''
am__include='include'
am__isrc=''
am__leading_dot='.'
am__quote=''
am__tar='${AMTAR} chof - "$$tardir"'
am__untar='${AMTAR} xf -'
amosincludedir='${prefix}/include/AMOS'
amoslibdir='${exec_prefix}/lib/AMOS'
bindir='${exec_prefix}/bin'
build='x86_64-unknown-linux-gnu'
build_alias=''
build_cpu='x86_64'
build_os='linux-gnu'
build_vendor='unknown'
datadir='${datarootdir}'
datarootdir='${prefix}/share'
docdir='${datarootdir}/doc/amos-3.1.0'
dvidir='${docdir}'
exec_prefix='${prefix}'
host='x86_64-unknown-linux-gnu'
host_alias=''
host_cpu='x86_64'
host_os='linux-gnu'
host_vendor='unknown'
htmldir='${docdir}'
includedir='${prefix}/include'
infodir='${datarootdir}/info'
install_sh='${SHELL} /tmp/kuleshov/package/amos-3.1.0/config/install-sh'
libdir='${exec_prefix}/lib'
libexecdir='${exec_prefix}/libexec'
localedir='${datarootdir}/locale'
localstatedir='${prefix}/var'
mandir='${datarootdir}/man'
mkdir_p='/bin/mkdir -p'
oldincludedir='/usr/include'
pdfdir='${docdir}'
prefix='/tmp/kuleshov/package/amos-3.1.0'
program_transform_name='s,x,x,'
psdir='${docdir}'
sbindir='${exec_prefix}/sbin'
sharedstatedir='${prefix}/com'
sysconfdir='${prefix}/etc'
target_alias=''
tigrincludedir='${prefix}/include/TIGR'
tigrlibdir='${exec_prefix}/lib/TIGR'

## ----------- ##
## confdefs.h. ##
## ----------- ##

/* confdefs.h */
#define PACKAGE_NAME "AMOS Assembler"
#define PACKAGE_TARNAME "amos"
#define PACKAGE_VERSION "3.1.0"
#define PACKAGE_STRING "AMOS Assembler 3.1.0"
#define PACKAGE_BUGREPORT "amos-help@lists.sourceforge.net"
#define PACKAGE_URL ""
#define PACKAGE "amos"
#define VERSION "3.1.0"
#define HAVE_LIBM 1
#define HAVE_LIBC 1
#define HAVE_LIBZ 1
#define HAVE_DIRENT_H 1
#define STDC_HEADERS 1
#define HAVE_SYS_WAIT_H 1
#define HAVE_SYS_TYPES_H 1
#define HAVE_SYS_STAT_H 1
#define HAVE_STDLIB_H 1
#define HAVE_STRING_H 1
#define HAVE_MEMORY_H 1
#define HAVE_STRINGS_H 1
#define HAVE_INTTYPES_H 1
#define HAVE_STDINT_H 1
#define HAVE_UNISTD_H 1
#define HAVE_FCNTL_H 1
#define HAVE_INTTYPES_H 1
#define HAVE_LIMITS_H 1
#define HAVE_STDLIB_H 1
#define HAVE_UNISTD_H 1
#define HAVE__BOOL 1
#define HAVE_STDBOOL_H 1
#define HAVE_GETOPT_H 1
#define HAVE_GETOPT_LONG_ONLY 1
#define HAVE_ISASCII 1
#define HAVE_STRTOL 1
#define HAVE_FORK 1
#define HAVE_VFORK 1
#define HAVE_WORKING_VFORK 1
#define HAVE_WORKING_FORK 1
#define HAVE_SYS_SELECT_H 1
#define HAVE_SYS_SOCKET_H 1
#define SELECT_TYPE_ARG1 int
#define SELECT_TYPE_ARG234 (fd_set *)
#define SELECT_TYPE_ARG5 (struct timeval *)
#define HAVE_STRFTIME 1
#define HAVE_DUP2 1
#define HAVE_FLOOR 1
#define HAVE_LOCALTIME 1
#define HAVE_LSTAT 1
#define HAVE_MEMMOVE 1
#define HAVE_MEMSET 1
#define HAVE_MKDIR 1
#define HAVE_POW 1
#define HAVE_RMDIR 1
#define HAVE_SQRT 1
#define HAVE_STAT 1
#define HAVE_STRCHR 1
#define HAVE_STRDUP 1
#define HAVE_STRSTR 1

configure: exit 0
